<?xml version="1.0" encoding="UTF-8"?>
<robot generator="Robot 6.1.1 (Python 3.10.12 on darwin)" generated="20231214 13:42:02.416" rpa="false" schemaversion="4">
<suite id="s1" name="Robot Interactive Console" source="/Users/bayank/.vscode/extensions/robocorp.robotframework-lsp-1.11.0/src/robotframework_ls/vendored/robotframework_interactive/robot_interactive_console.robot">
<test id="s1-t1" name="Default Task/Test" line="5">
<kw name="Interpreter Main Loop" library="MainLoop">
<kw name="Log" library="BuiltIn">
<arg>Starting. Current price is ${currentprice}</arg>
<doc>Logs the given message with the given level.</doc>
<msg timestamp="20231214 13:42:02.667" level="FAIL">Variable '${currentprice}' not found.</msg>
<status status="FAIL" starttime="20231214 13:42:02.666" endtime="20231214 13:42:02.667"/>
</kw>
<kw name="Open Available Browser">
<arg>${url}</arg>
<arg>browser_selection=${browser}</arg>
<arg>headless=True</arg>
<status status="NOT RUN" starttime="20231214 13:42:02.668" endtime="20231214 13:42:02.668"/>
</kw>
<kw name="MinimizePopup">
<status status="NOT RUN" starttime="20231214 13:42:02.669" endtime="20231214 13:42:02.669"/>
</kw>
<kw name="Sleep" library="BuiltIn">
<arg>1</arg>
<doc>Pauses the test executed for the given time.</doc>
<status status="NOT RUN" starttime="20231214 13:42:02.669" endtime="20231214 13:42:02.669"/>
</kw>
<kw name="SelectSize">
<status status="NOT RUN" starttime="20231214 13:42:02.670" endtime="20231214 13:42:02.670"/>
</kw>
<kw name="Sleep" library="BuiltIn">
<arg>1</arg>
<doc>Pauses the test executed for the given time.</doc>
<status status="NOT RUN" starttime="20231214 13:42:02.670" endtime="20231214 13:42:02.670"/>
</kw>
<kw name="Get Text">
<var>${currentprice}</var>
<arg>//div[@data-test-id='desktop-product-details']//li[@class='product-price']</arg>
<status status="NOT RUN" starttime="20231214 13:42:02.671" endtime="20231214 13:42:02.671"/>
</kw>
<kw name="Log" library="BuiltIn">
<arg>The current price is ${currentprice}</arg>
<doc>Logs the given message with the given level.</doc>
<status status="NOT RUN" starttime="20231214 13:42:02.671" endtime="20231214 13:42:02.671"/>
</kw>
<kw name="Evaluate" library="BuiltIn">
<var>${currentprice}</var>
<arg>int(${currentprice}[1:])</arg>
<doc>Evaluates the given expression in Python and returns the result.</doc>
<status status="NOT RUN" starttime="20231214 13:42:02.671" endtime="20231214 13:42:02.671"/>
</kw>
<kw name="Log" library="BuiltIn">
<arg>The current price as int is ${currentprice}</arg>
<doc>Logs the given message with the given level.</doc>
<status status="NOT RUN" starttime="20231214 13:42:02.671" endtime="20231214 13:42:02.671"/>
</kw>
<if>
<branch type="IF" condition="${currentprice} &lt; ${baseprice}">
<kw name="PriceDropped">
<status status="NOT RUN" starttime="20231214 13:42:02.672" endtime="20231214 13:42:02.672"/>
</kw>
<kw name="SendEmail">
<status status="NOT RUN" starttime="20231214 13:42:02.673" endtime="20231214 13:42:02.673"/>
</kw>
<status status="NOT RUN" starttime="20231214 13:42:02.671" endtime="20231214 13:42:02.673"/>
</branch>
<status status="NOT RUN" starttime="20231214 13:42:02.671" endtime="20231214 13:42:02.673"/>
</if>
<kw name="SendEmail">
<status status="NOT RUN" starttime="20231214 13:42:02.674" endtime="20231214 13:42:02.674"/>
</kw>
<kw name="Close Browser">
<status status="NOT RUN" starttime="20231214 13:42:02.675" endtime="20231214 13:42:02.675"/>
</kw>
<kw name="Open Available Browser" library="RPA.Browser.Selenium">
<arg>google.com. browser_selection=firefox</arg>
<arg>headless=True</arg>
<doc>Attempts to open a browser on the user's device from a set of
supported browsers. Automatically downloads a corresponding webdriver
if none is already installed.</doc>
<msg timestamp="20231214 13:43:17.589" level="FAIL">WebDriverException: Message: unknown error: net::ERR_NAME_NOT_RESOLVED
  (Session info: chrome=120.0.6099.71)
Stacktrace:
0   chromedriver                        0x00000001047b84cc chromedriver + 4162764
1   chromedriver                        0x00000001047b0654 chromedriver + 4130388
2   chromedriver                        0x0000000104407bc0 chromedriver + 293824
3   chromedriver                        0x0000000104400324 chromedriver + 262948
4   chromedriver                        0x00000001043f1c7c chromedriver + 203900
5   chromedriver                        0x00000001043f0a98 chromedriver + 199320
6   chromedriver                        0x00000001043efb24 chromedriver + 195364
7   chromedriver                        0x00000001043efad0 chromedriver + 195280
8   chromedriver                        0x00000001043ede3c chromedriver + 187964
9   chromedriver                        0x00000001043ee9fc chromedriver + 190972
10  chromedriver                        0x000000010440a5d8 chromedriver + 304600
11  chromedriver                        0x000000010448e0b8 chromedriver + 843960
12  chromedriver                        0x000000010448dab0 chromedriver + 842416
13  chromedriver                        0x00000001044416bc chromedriver + 530108
14  chromedriver                        0x0000000104442930 chromedriver + 534832
15  chromedriver                        0x000000010477ddf8 chromedriver + 3923448
16  chromedriver                        0x00000001047823cc chromedriver + 3941324
17  chromedriver                        0x0000000104766028 chromedriver + 3825704
18  chromedriver                        0x0000000104782f2c chromedriver + 3944236
19  chromedriver                        0x00000001047586e4 chromedriver + 3770084
20  chromedriver                        0x000000010479f970 chromedriver + 4061552
21  chromedriver                        0x000000010479fae8 chromedriver + 4061928
22  chromedriver                        0x00000001047b02d4 chromedriver + 4129492
23  libsystem_pthread.dylib             0x0000000199fdffa8 _pthread_start + 148
24  libsystem_pthread.dylib             0x0000000199fdada0 thread_start + 8
</msg>
<status status="FAIL" starttime="20231214 13:43:11.776" endtime="20231214 13:43:17.591"/>
</kw>
<status status="PASS" starttime="20231214 13:42:02.438" endtime="20231214 14:18:52.208"/>
</kw>
<status status="PASS" starttime="20231214 13:42:02.438" endtime="20231214 14:18:52.208"/>
</test>
<status status="PASS" starttime="20231214 13:42:02.417" endtime="20231214 14:18:52.210"/>
</suite>
<statistics>
<total>
<stat pass="1" fail="0" skip="0">All Tests</stat>
</total>
<tag>
</tag>
<suite>
<stat pass="1" fail="0" skip="0" id="s1" name="Robot Interactive Console">Robot Interactive Console</stat>
</suite>
</statistics>
<errors>
</errors>
</robot>
